141971 reads; of these:
  141971 (100.00%) were paired; of these:
    136661 (96.26%) aligned concordantly 0 times
    4390 (3.09%) aligned concordantly exactly 1 time
    920 (0.65%) aligned concordantly >1 times
    ----
    136661 pairs aligned concordantly 0 times; of these:
      26 (0.02%) aligned discordantly 1 time
    ----
    136635 pairs aligned 0 times concordantly or discordantly; of these:
      273270 mates make up the pairs; of these:
        273024 (99.91%) aligned 0 times
        165 (0.06%) aligned exactly 1 time
        81 (0.03%) aligned >1 times
3.85% overall alignment rate
178792 reads; of these:
  178792 (100.00%) were paired; of these:
    119951 (67.09%) aligned concordantly 0 times
    49297 (27.57%) aligned concordantly exactly 1 time
    9544 (5.34%) aligned concordantly >1 times
    ----
    119951 pairs aligned concordantly 0 times; of these:
      1522 (1.27%) aligned discordantly 1 time
    ----
    118429 pairs aligned 0 times concordantly or discordantly; of these:
      236858 mates make up the pairs; of these:
        232707 (98.25%) aligned 0 times
        2600 (1.10%) aligned exactly 1 time
        1551 (0.65%) aligned >1 times
34.92% overall alignment rate
67143 reads; of these:
  67143 (100.00%) were paired; of these:
    54475 (81.13%) aligned concordantly 0 times
    10746 (16.00%) aligned concordantly exactly 1 time
    1922 (2.86%) aligned concordantly >1 times
    ----
    54475 pairs aligned concordantly 0 times; of these:
      441 (0.81%) aligned discordantly 1 time
    ----
    54034 pairs aligned 0 times concordantly or discordantly; of these:
      108068 mates make up the pairs; of these:
        107130 (99.13%) aligned 0 times
        566 (0.52%) aligned exactly 1 time
        372 (0.34%) aligned >1 times
20.22% overall alignment rate
148906 reads; of these:
  148906 (100.00%) were paired; of these:
    124093 (83.34%) aligned concordantly 0 times
    21041 (14.13%) aligned concordantly exactly 1 time
    3772 (2.53%) aligned concordantly >1 times
    ----
    124093 pairs aligned concordantly 0 times; of these:
      524 (0.42%) aligned discordantly 1 time
    ----
    123569 pairs aligned 0 times concordantly or discordantly; of these:
      247138 mates make up the pairs; of these:
        245463 (99.32%) aligned 0 times
        1087 (0.44%) aligned exactly 1 time
        588 (0.24%) aligned >1 times
17.58% overall alignment rate
1541796 reads; of these:
  1541796 (100.00%) were paired; of these:
    703160 (45.61%) aligned concordantly 0 times
    704743 (45.71%) aligned concordantly exactly 1 time
    133893 (8.68%) aligned concordantly >1 times
    ----
    703160 pairs aligned concordantly 0 times; of these:
      20555 (2.92%) aligned discordantly 1 time
    ----
    682605 pairs aligned 0 times concordantly or discordantly; of these:
      1365210 mates make up the pairs; of these:
        1313477 (96.21%) aligned 0 times
        31814 (2.33%) aligned exactly 1 time
        19919 (1.46%) aligned >1 times
57.40% overall alignment rate
188576 reads; of these:
  188576 (100.00%) were paired; of these:
    99976 (53.02%) aligned concordantly 0 times
    75208 (39.88%) aligned concordantly exactly 1 time
    13392 (7.10%) aligned concordantly >1 times
    ----
    99976 pairs aligned concordantly 0 times; of these:
      2946 (2.95%) aligned discordantly 1 time
    ----
    97030 pairs aligned 0 times concordantly or discordantly; of these:
      194060 mates make up the pairs; of these:
        188000 (96.88%) aligned 0 times
        3796 (1.96%) aligned exactly 1 time
        2264 (1.17%) aligned >1 times
50.15% overall alignment rate
174614 reads; of these:
  174614 (100.00%) were paired; of these:
    158696 (90.88%) aligned concordantly 0 times
    13270 (7.60%) aligned concordantly exactly 1 time
    2648 (1.52%) aligned concordantly >1 times
    ----
    158696 pairs aligned concordantly 0 times; of these:
      351 (0.22%) aligned discordantly 1 time
    ----
    158345 pairs aligned 0 times concordantly or discordantly; of these:
      316690 mates make up the pairs; of these:
        315504 (99.63%) aligned 0 times
        784 (0.25%) aligned exactly 1 time
        402 (0.13%) aligned >1 times
9.66% overall alignment rate
639408 reads; of these:
  639408 (100.00%) were paired; of these:
    424063 (66.32%) aligned concordantly 0 times
    181858 (28.44%) aligned concordantly exactly 1 time
    33487 (5.24%) aligned concordantly >1 times
    ----
    424063 pairs aligned concordantly 0 times; of these:
      5966 (1.41%) aligned discordantly 1 time
    ----
    418097 pairs aligned 0 times concordantly or discordantly; of these:
      836194 mates make up the pairs; of these:
        821022 (98.19%) aligned 0 times
        9561 (1.14%) aligned exactly 1 time
        5611 (0.67%) aligned >1 times
35.80% overall alignment rate
214218 reads; of these:
  214218 (100.00%) were paired; of these:
    178594 (83.37%) aligned concordantly 0 times
    30104 (14.05%) aligned concordantly exactly 1 time
    5520 (2.58%) aligned concordantly >1 times
    ----
    178594 pairs aligned concordantly 0 times; of these:
      961 (0.54%) aligned discordantly 1 time
    ----
    177633 pairs aligned 0 times concordantly or discordantly; of these:
      355266 mates make up the pairs; of these:
        352658 (99.27%) aligned 0 times
        1694 (0.48%) aligned exactly 1 time
        914 (0.26%) aligned >1 times
17.69% overall alignment rate
1436089 reads; of these:
  1436089 (100.00%) were paired; of these:
    293030 (20.40%) aligned concordantly 0 times
    969982 (67.54%) aligned concordantly exactly 1 time
    173077 (12.05%) aligned concordantly >1 times
    ----
    293030 pairs aligned concordantly 0 times; of these:
      35538 (12.13%) aligned discordantly 1 time
    ----
    257492 pairs aligned 0 times concordantly or discordantly; of these:
      514984 mates make up the pairs; of these:
        429390 (83.38%) aligned 0 times
        54799 (10.64%) aligned exactly 1 time
        30795 (5.98%) aligned >1 times
85.05% overall alignment rate
1219598 reads; of these:
  1219598 (100.00%) were paired; of these:
    268145 (21.99%) aligned concordantly 0 times
    804828 (65.99%) aligned concordantly exactly 1 time
    146625 (12.02%) aligned concordantly >1 times
    ----
    268145 pairs aligned concordantly 0 times; of these:
      41142 (15.34%) aligned discordantly 1 time
    ----
    227003 pairs aligned 0 times concordantly or discordantly; of these:
      454006 mates make up the pairs; of these:
        368303 (81.12%) aligned 0 times
        52676 (11.60%) aligned exactly 1 time
        33027 (7.27%) aligned >1 times
84.90% overall alignment rate
2424418 reads; of these:
  2424418 (100.00%) were paired; of these:
    549836 (22.68%) aligned concordantly 0 times
    1590946 (65.62%) aligned concordantly exactly 1 time
    283636 (11.70%) aligned concordantly >1 times
    ----
    549836 pairs aligned concordantly 0 times; of these:
      75775 (13.78%) aligned discordantly 1 time
    ----
    474061 pairs aligned 0 times concordantly or discordantly; of these:
      948122 mates make up the pairs; of these:
        794132 (83.76%) aligned 0 times
        93425 (9.85%) aligned exactly 1 time
        60565 (6.39%) aligned >1 times
83.62% overall alignment rate
slurmstepd: error: *** JOB 1711942 ON pn127 CANCELLED AT 2021-11-12T18:18:34 ***
