136661 reads; of these:
  136661 (100.00%) were paired; of these:
    136659 (100.00%) aligned concordantly 0 times
    0 (0.00%) aligned concordantly exactly 1 time
    2 (0.00%) aligned concordantly >1 times
    ----
    136659 pairs aligned concordantly 0 times; of these:
      1 (0.00%) aligned discordantly 1 time
    ----
    136658 pairs aligned 0 times concordantly or discordantly; of these:
      273316 mates make up the pairs; of these:
        273307 (100.00%) aligned 0 times
        1 (0.00%) aligned exactly 1 time
        8 (0.00%) aligned >1 times
0.01% overall alignment rate
119951 reads; of these:
  119951 (100.00%) were paired; of these:
    119921 (99.97%) aligned concordantly 0 times
    3 (0.00%) aligned concordantly exactly 1 time
    27 (0.02%) aligned concordantly >1 times
    ----
    119921 pairs aligned concordantly 0 times; of these:
      2 (0.00%) aligned discordantly 1 time
    ----
    119919 pairs aligned 0 times concordantly or discordantly; of these:
      239838 mates make up the pairs; of these:
        239697 (99.94%) aligned 0 times
        68 (0.03%) aligned exactly 1 time
        73 (0.03%) aligned >1 times
0.09% overall alignment rate
54475 reads; of these:
  54475 (100.00%) were paired; of these:
    54467 (99.99%) aligned concordantly 0 times
    2 (0.00%) aligned concordantly exactly 1 time
    6 (0.01%) aligned concordantly >1 times
    ----
    54467 pairs aligned concordantly 0 times; of these:
      0 (0.00%) aligned discordantly 1 time
    ----
    54467 pairs aligned 0 times concordantly or discordantly; of these:
      108934 mates make up the pairs; of these:
        108910 (99.98%) aligned 0 times
        8 (0.01%) aligned exactly 1 time
        16 (0.01%) aligned >1 times
0.04% overall alignment rate
124093 reads; of these:
  124093 (100.00%) were paired; of these:
    124089 (100.00%) aligned concordantly 0 times
    2 (0.00%) aligned concordantly exactly 1 time
    2 (0.00%) aligned concordantly >1 times
    ----
    124089 pairs aligned concordantly 0 times; of these:
      0 (0.00%) aligned discordantly 1 time
    ----
    124089 pairs aligned 0 times concordantly or discordantly; of these:
      248178 mates make up the pairs; of these:
        248122 (99.98%) aligned 0 times
        29 (0.01%) aligned exactly 1 time
        27 (0.01%) aligned >1 times
0.03% overall alignment rate
703160 reads; of these:
  703160 (100.00%) were paired; of these:
    703073 (99.99%) aligned concordantly 0 times
    31 (0.00%) aligned concordantly exactly 1 time
    56 (0.01%) aligned concordantly >1 times
    ----
    703073 pairs aligned concordantly 0 times; of these:
      16 (0.00%) aligned discordantly 1 time
    ----
    703057 pairs aligned 0 times concordantly or discordantly; of these:
      1406114 mates make up the pairs; of these:
        1404953 (99.92%) aligned 0 times
        744 (0.05%) aligned exactly 1 time
        417 (0.03%) aligned >1 times
0.10% overall alignment rate
99976 reads; of these:
  99976 (100.00%) were paired; of these:
    99969 (99.99%) aligned concordantly 0 times
    3 (0.00%) aligned concordantly exactly 1 time
    4 (0.00%) aligned concordantly >1 times
    ----
    99969 pairs aligned concordantly 0 times; of these:
      2 (0.00%) aligned discordantly 1 time
    ----
    99967 pairs aligned 0 times concordantly or discordantly; of these:
      199934 mates make up the pairs; of these:
        199831 (99.95%) aligned 0 times
        58 (0.03%) aligned exactly 1 time
        45 (0.02%) aligned >1 times
0.06% overall alignment rate
158696 reads; of these:
  158696 (100.00%) were paired; of these:
    158687 (99.99%) aligned concordantly 0 times
    5 (0.00%) aligned concordantly exactly 1 time
    4 (0.00%) aligned concordantly >1 times
    ----
    158687 pairs aligned concordantly 0 times; of these:
      2 (0.00%) aligned discordantly 1 time
    ----
    158685 pairs aligned 0 times concordantly or discordantly; of these:
      317370 mates make up the pairs; of these:
        317320 (99.98%) aligned 0 times
        27 (0.01%) aligned exactly 1 time
        23 (0.01%) aligned >1 times
0.02% overall alignment rate
424063 reads; of these:
  424063 (100.00%) were paired; of these:
    423970 (99.98%) aligned concordantly 0 times
    10 (0.00%) aligned concordantly exactly 1 time
    83 (0.02%) aligned concordantly >1 times
    ----
    423970 pairs aligned concordantly 0 times; of these:
      0 (0.00%) aligned discordantly 1 time
    ----
    423970 pairs aligned 0 times concordantly or discordantly; of these:
      847940 mates make up the pairs; of these:
        847560 (99.96%) aligned 0 times
        221 (0.03%) aligned exactly 1 time
        159 (0.02%) aligned >1 times
0.07% overall alignment rate
178594 reads; of these:
  178594 (100.00%) were paired; of these:
    178585 (99.99%) aligned concordantly 0 times
    8 (0.00%) aligned concordantly exactly 1 time
    1 (0.00%) aligned concordantly >1 times
    ----
    178585 pairs aligned concordantly 0 times; of these:
      2 (0.00%) aligned discordantly 1 time
    ----
    178583 pairs aligned 0 times concordantly or discordantly; of these:
      357166 mates make up the pairs; of these:
        357081 (99.98%) aligned 0 times
        55 (0.02%) aligned exactly 1 time
        30 (0.01%) aligned >1 times
0.03% overall alignment rate
293030 reads; of these:
  293030 (100.00%) were paired; of these:
    292948 (99.97%) aligned concordantly 0 times
    34 (0.01%) aligned concordantly exactly 1 time
    48 (0.02%) aligned concordantly >1 times
    ----
    292948 pairs aligned concordantly 0 times; of these:
      14 (0.00%) aligned discordantly 1 time
    ----
    292934 pairs aligned 0 times concordantly or discordantly; of these:
      585868 mates make up the pairs; of these:
        584523 (99.77%) aligned 0 times
        820 (0.14%) aligned exactly 1 time
        525 (0.09%) aligned >1 times
0.26% overall alignment rate
268145 reads; of these:
  268145 (100.00%) were paired; of these:
    268065 (99.97%) aligned concordantly 0 times
    30 (0.01%) aligned concordantly exactly 1 time
    50 (0.02%) aligned concordantly >1 times
    ----
    268065 pairs aligned concordantly 0 times; of these:
      20 (0.01%) aligned discordantly 1 time
    ----
    268045 pairs aligned 0 times concordantly or discordantly; of these:
      536090 mates make up the pairs; of these:
        534884 (99.78%) aligned 0 times
        746 (0.14%) aligned exactly 1 time
        460 (0.09%) aligned >1 times
0.26% overall alignment rate
549836 reads; of these:
  549836 (100.00%) were paired; of these:
    549661 (99.97%) aligned concordantly 0 times
    57 (0.01%) aligned concordantly exactly 1 time
    118 (0.02%) aligned concordantly >1 times
    ----
    549661 pairs aligned concordantly 0 times; of these:
      41 (0.01%) aligned discordantly 1 time
    ----
    549620 pairs aligned 0 times concordantly or discordantly; of these:
      1099240 mates make up the pairs; of these:
        1096852 (99.78%) aligned 0 times
        1379 (0.13%) aligned exactly 1 time
        1009 (0.09%) aligned >1 times
0.26% overall alignment rate
22940764 reads; of these:
  22940764 (100.00%) were paired; of these:
    22940421 (100.00%) aligned concordantly 0 times
    20 (0.00%) aligned concordantly exactly 1 time
    323 (0.00%) aligned concordantly >1 times
    ----
    22940421 pairs aligned concordantly 0 times; of these:
      1 (0.00%) aligned discordantly 1 time
    ----
    22940420 pairs aligned 0 times concordantly or discordantly; of these:
      45880840 mates make up the pairs; of these:
        45880067 (100.00%) aligned 0 times
        271 (0.00%) aligned exactly 1 time
        502 (0.00%) aligned >1 times
0.00% overall alignment rate
4751536 reads; of these:
  4751536 (100.00%) were paired; of these:
    4750323 (99.97%) aligned concordantly 0 times
    135 (0.00%) aligned concordantly exactly 1 time
    1078 (0.02%) aligned concordantly >1 times
    ----
    4750323 pairs aligned concordantly 0 times; of these:
      55 (0.00%) aligned discordantly 1 time
    ----
    4750268 pairs aligned 0 times concordantly or discordantly; of these:
      9500536 mates make up the pairs; of these:
        9494417 (99.94%) aligned 0 times
        2959 (0.03%) aligned exactly 1 time
        3160 (0.03%) aligned >1 times
0.09% overall alignment rate
11999121 reads; of these:
  11999121 (100.00%) were paired; of these:
    11997585 (99.99%) aligned concordantly 0 times
    296 (0.00%) aligned concordantly exactly 1 time
    1240 (0.01%) aligned concordantly >1 times
    ----
    11997585 pairs aligned concordantly 0 times; of these:
      184 (0.00%) aligned discordantly 1 time
    ----
    11997401 pairs aligned 0 times concordantly or discordantly; of these:
      23994802 mates make up the pairs; of these:
        23978170 (99.93%) aligned 0 times
        8839 (0.04%) aligned exactly 1 time
        7793 (0.03%) aligned >1 times
0.08% overall alignment rate
5448556 reads; of these:
  5448556 (100.00%) were paired; of these:
    5446866 (99.97%) aligned concordantly 0 times
    153 (0.00%) aligned concordantly exactly 1 time
    1537 (0.03%) aligned concordantly >1 times
    ----
    5446866 pairs aligned concordantly 0 times; of these:
      92 (0.00%) aligned discordantly 1 time
    ----
    5446774 pairs aligned 0 times concordantly or discordantly; of these:
      10893548 mates make up the pairs; of these:
        10886169 (99.93%) aligned 0 times
        3660 (0.03%) aligned exactly 1 time
        3719 (0.03%) aligned >1 times
0.10% overall alignment rate
10731783 reads; of these:
  10731783 (100.00%) were paired; of these:
    10730835 (99.99%) aligned concordantly 0 times
    54 (0.00%) aligned concordantly exactly 1 time
    894 (0.01%) aligned concordantly >1 times
    ----
    10730835 pairs aligned concordantly 0 times; of these:
      45 (0.00%) aligned discordantly 1 time
    ----
    10730790 pairs aligned 0 times concordantly or discordantly; of these:
      21461580 mates make up the pairs; of these:
        21458133 (99.98%) aligned 0 times
        1735 (0.01%) aligned exactly 1 time
        1712 (0.01%) aligned >1 times
0.03% overall alignment rate
Error: reads file does not look like a FASTQ file
terminate called after throwing an instance of 'int'
(ERR): bowtie2-align died with signal 6 (ABRT) 
5601242 reads; of these:
  5601242 (100.00%) were paired; of these:
    5600776 (99.99%) aligned concordantly 0 times
    178 (0.00%) aligned concordantly exactly 1 time
    288 (0.01%) aligned concordantly >1 times
    ----
    5600776 pairs aligned concordantly 0 times; of these:
      19 (0.00%) aligned discordantly 1 time
    ----
    5600757 pairs aligned 0 times concordantly or discordantly; of these:
      11201514 mates make up the pairs; of these:
        11198319 (99.97%) aligned 0 times
        1656 (0.01%) aligned exactly 1 time
        1539 (0.01%) aligned >1 times
0.04% overall alignment rate
21487608 reads; of these:
  21487608 (100.00%) were paired; of these:
    21481984 (99.97%) aligned concordantly 0 times
    308 (0.00%) aligned concordantly exactly 1 time
    5316 (0.02%) aligned concordantly >1 times
    ----
    21481984 pairs aligned concordantly 0 times; of these:
      102 (0.00%) aligned discordantly 1 time
    ----
    21481882 pairs aligned 0 times concordantly or discordantly; of these:
      42963764 mates make up the pairs; of these:
        42948817 (99.97%) aligned 0 times
        5296 (0.01%) aligned exactly 1 time
        9651 (0.02%) aligned >1 times
0.06% overall alignment rate
17481565 reads; of these:
  17481565 (100.00%) were paired; of these:
    17477157 (99.97%) aligned concordantly 0 times
    315 (0.00%) aligned concordantly exactly 1 time
    4093 (0.02%) aligned concordantly >1 times
    ----
    17477157 pairs aligned concordantly 0 times; of these:
      79 (0.00%) aligned discordantly 1 time
    ----
    17477078 pairs aligned 0 times concordantly or discordantly; of these:
      34954156 mates make up the pairs; of these:
        34942321 (99.97%) aligned 0 times
        4181 (0.01%) aligned exactly 1 time
        7654 (0.02%) aligned >1 times
0.06% overall alignment rate
23272390 reads; of these:
  23272390 (100.00%) were paired; of these:
    23267066 (99.98%) aligned concordantly 0 times
    333 (0.00%) aligned concordantly exactly 1 time
    4991 (0.02%) aligned concordantly >1 times
    ----
    23267066 pairs aligned concordantly 0 times; of these:
      68 (0.00%) aligned discordantly 1 time
    ----
    23266998 pairs aligned 0 times concordantly or discordantly; of these:
      46533996 mates make up the pairs; of these:
        46519717 (99.97%) aligned 0 times
        4992 (0.01%) aligned exactly 1 time
        9287 (0.02%) aligned >1 times
0.05% overall alignment rate
24713528 reads; of these:
  24713528 (100.00%) were paired; of these:
    24706298 (99.97%) aligned concordantly 0 times
    502 (0.00%) aligned concordantly exactly 1 time
    6728 (0.03%) aligned concordantly >1 times
    ----
    24706298 pairs aligned concordantly 0 times; of these:
      159 (0.00%) aligned discordantly 1 time
    ----
    24706139 pairs aligned 0 times concordantly or discordantly; of these:
      49412278 mates make up the pairs; of these:
        49392829 (99.96%) aligned 0 times
        7043 (0.01%) aligned exactly 1 time
        12406 (0.03%) aligned >1 times
0.07% overall alignment rate
Error, fewer reads in file specified with -2 Error, fewer reads in file specified with -2 Error, fewer reads in file specified with -2 Error, fewer reads in file specified with -2 Error, fewer reads in file specified with -2 than in file specified with -1
terminate called after throwing an instance of 'int'
Argument "K00237:143:H77NVBBXY:7:1217:20" isn't numeric in bitwise and (&) at /vortexfs1/home/matthew.baldes/.conda/envs/Cap2/bin/bowtie2 line 590, <BT> line 34626372.
Use of uninitialized value $l in scalar chomp at /vortexfs1/home/matthew.baldes/.conda/envs/Cap2/bin/bowtie2 line 603, <BT> line 34626372.
Use of uninitialized value $l in substitution (s///) at /vortexfs1/home/matthew.baldes/.conda/envs/Cap2/bin/bowtie2 line 604, <BT> line 34626372.
(ERR): bowtie2-align died with signal 6 (ABRT) 
