141971 reads; of these:
  141971 (100.00%) were paired; of these:
    136661 (96.26%) aligned concordantly 0 times
    4390 (3.09%) aligned concordantly exactly 1 time
    920 (0.65%) aligned concordantly >1 times
    ----
    136661 pairs aligned concordantly 0 times; of these:
      26 (0.02%) aligned discordantly 1 time
    ----
    136635 pairs aligned 0 times concordantly or discordantly; of these:
      273270 mates make up the pairs; of these:
        273024 (99.91%) aligned 0 times
        165 (0.06%) aligned exactly 1 time
        81 (0.03%) aligned >1 times
3.85% overall alignment rate
178792 reads; of these:
  178792 (100.00%) were paired; of these:
    119951 (67.09%) aligned concordantly 0 times
    49297 (27.57%) aligned concordantly exactly 1 time
    9544 (5.34%) aligned concordantly >1 times
    ----
    119951 pairs aligned concordantly 0 times; of these:
      1522 (1.27%) aligned discordantly 1 time
    ----
    118429 pairs aligned 0 times concordantly or discordantly; of these:
      236858 mates make up the pairs; of these:
        232707 (98.25%) aligned 0 times
        2600 (1.10%) aligned exactly 1 time
        1551 (0.65%) aligned >1 times
34.92% overall alignment rate
67143 reads; of these:
  67143 (100.00%) were paired; of these:
    54475 (81.13%) aligned concordantly 0 times
    10746 (16.00%) aligned concordantly exactly 1 time
    1922 (2.86%) aligned concordantly >1 times
    ----
    54475 pairs aligned concordantly 0 times; of these:
      441 (0.81%) aligned discordantly 1 time
    ----
    54034 pairs aligned 0 times concordantly or discordantly; of these:
      108068 mates make up the pairs; of these:
        107130 (99.13%) aligned 0 times
        566 (0.52%) aligned exactly 1 time
        372 (0.34%) aligned >1 times
20.22% overall alignment rate
148906 reads; of these:
  148906 (100.00%) were paired; of these:
    124093 (83.34%) aligned concordantly 0 times
    21041 (14.13%) aligned concordantly exactly 1 time
    3772 (2.53%) aligned concordantly >1 times
    ----
    124093 pairs aligned concordantly 0 times; of these:
      524 (0.42%) aligned discordantly 1 time
    ----
    123569 pairs aligned 0 times concordantly or discordantly; of these:
      247138 mates make up the pairs; of these:
        245463 (99.32%) aligned 0 times
        1087 (0.44%) aligned exactly 1 time
        588 (0.24%) aligned >1 times
17.58% overall alignment rate
1541796 reads; of these:
  1541796 (100.00%) were paired; of these:
    703160 (45.61%) aligned concordantly 0 times
    704743 (45.71%) aligned concordantly exactly 1 time
    133893 (8.68%) aligned concordantly >1 times
    ----
    703160 pairs aligned concordantly 0 times; of these:
      20555 (2.92%) aligned discordantly 1 time
    ----
    682605 pairs aligned 0 times concordantly or discordantly; of these:
      1365210 mates make up the pairs; of these:
        1313477 (96.21%) aligned 0 times
        31814 (2.33%) aligned exactly 1 time
        19919 (1.46%) aligned >1 times
57.40% overall alignment rate
188576 reads; of these:
  188576 (100.00%) were paired; of these:
    99976 (53.02%) aligned concordantly 0 times
    75208 (39.88%) aligned concordantly exactly 1 time
    13392 (7.10%) aligned concordantly >1 times
    ----
    99976 pairs aligned concordantly 0 times; of these:
      2946 (2.95%) aligned discordantly 1 time
    ----
    97030 pairs aligned 0 times concordantly or discordantly; of these:
      194060 mates make up the pairs; of these:
        188000 (96.88%) aligned 0 times
        3796 (1.96%) aligned exactly 1 time
        2264 (1.17%) aligned >1 times
50.15% overall alignment rate
174614 reads; of these:
  174614 (100.00%) were paired; of these:
    158696 (90.88%) aligned concordantly 0 times
    13270 (7.60%) aligned concordantly exactly 1 time
    2648 (1.52%) aligned concordantly >1 times
    ----
    158696 pairs aligned concordantly 0 times; of these:
      351 (0.22%) aligned discordantly 1 time
    ----
    158345 pairs aligned 0 times concordantly or discordantly; of these:
      316690 mates make up the pairs; of these:
        315504 (99.63%) aligned 0 times
        784 (0.25%) aligned exactly 1 time
        402 (0.13%) aligned >1 times
9.66% overall alignment rate
639408 reads; of these:
  639408 (100.00%) were paired; of these:
    424063 (66.32%) aligned concordantly 0 times
    181858 (28.44%) aligned concordantly exactly 1 time
    33487 (5.24%) aligned concordantly >1 times
    ----
    424063 pairs aligned concordantly 0 times; of these:
      5966 (1.41%) aligned discordantly 1 time
    ----
    418097 pairs aligned 0 times concordantly or discordantly; of these:
      836194 mates make up the pairs; of these:
        821022 (98.19%) aligned 0 times
        9561 (1.14%) aligned exactly 1 time
        5611 (0.67%) aligned >1 times
35.80% overall alignment rate
214218 reads; of these:
  214218 (100.00%) were paired; of these:
    178594 (83.37%) aligned concordantly 0 times
    30104 (14.05%) aligned concordantly exactly 1 time
    5520 (2.58%) aligned concordantly >1 times
    ----
    178594 pairs aligned concordantly 0 times; of these:
      961 (0.54%) aligned discordantly 1 time
    ----
    177633 pairs aligned 0 times concordantly or discordantly; of these:
      355266 mates make up the pairs; of these:
        352658 (99.27%) aligned 0 times
        1694 (0.48%) aligned exactly 1 time
        914 (0.26%) aligned >1 times
17.69% overall alignment rate
1436089 reads; of these:
  1436089 (100.00%) were paired; of these:
    293030 (20.40%) aligned concordantly 0 times
    969982 (67.54%) aligned concordantly exactly 1 time
    173077 (12.05%) aligned concordantly >1 times
    ----
    293030 pairs aligned concordantly 0 times; of these:
      35538 (12.13%) aligned discordantly 1 time
    ----
    257492 pairs aligned 0 times concordantly or discordantly; of these:
      514984 mates make up the pairs; of these:
        429390 (83.38%) aligned 0 times
        54799 (10.64%) aligned exactly 1 time
        30795 (5.98%) aligned >1 times
85.05% overall alignment rate
1219598 reads; of these:
  1219598 (100.00%) were paired; of these:
    268145 (21.99%) aligned concordantly 0 times
    804828 (65.99%) aligned concordantly exactly 1 time
    146625 (12.02%) aligned concordantly >1 times
    ----
    268145 pairs aligned concordantly 0 times; of these:
      41142 (15.34%) aligned discordantly 1 time
    ----
    227003 pairs aligned 0 times concordantly or discordantly; of these:
      454006 mates make up the pairs; of these:
        368303 (81.12%) aligned 0 times
        52676 (11.60%) aligned exactly 1 time
        33027 (7.27%) aligned >1 times
84.90% overall alignment rate
2424418 reads; of these:
  2424418 (100.00%) were paired; of these:
    549836 (22.68%) aligned concordantly 0 times
    1590946 (65.62%) aligned concordantly exactly 1 time
    283636 (11.70%) aligned concordantly >1 times
    ----
    549836 pairs aligned concordantly 0 times; of these:
      75775 (13.78%) aligned discordantly 1 time
    ----
    474061 pairs aligned 0 times concordantly or discordantly; of these:
      948122 mates make up the pairs; of these:
        794132 (83.76%) aligned 0 times
        93425 (9.85%) aligned exactly 1 time
        60565 (6.39%) aligned >1 times
83.62% overall alignment rate
22972146 reads; of these:
  22972146 (100.00%) were paired; of these:
    22940764 (99.86%) aligned concordantly 0 times
    26342 (0.11%) aligned concordantly exactly 1 time
    5040 (0.02%) aligned concordantly >1 times
    ----
    22940764 pairs aligned concordantly 0 times; of these:
      879 (0.00%) aligned discordantly 1 time
    ----
    22939885 pairs aligned 0 times concordantly or discordantly; of these:
      45879770 mates make up the pairs; of these:
        45876773 (99.99%) aligned 0 times
        1471 (0.00%) aligned exactly 1 time
        1526 (0.00%) aligned >1 times
0.15% overall alignment rate
8671128 reads; of these:
  8671128 (100.00%) were paired; of these:
    4751536 (54.80%) aligned concordantly 0 times
    3309445 (38.17%) aligned concordantly exactly 1 time
    610147 (7.04%) aligned concordantly >1 times
    ----
    4751536 pairs aligned concordantly 0 times; of these:
      78571 (1.65%) aligned discordantly 1 time
    ----
    4672965 pairs aligned 0 times concordantly or discordantly; of these:
      9345930 mates make up the pairs; of these:
        9102153 (97.39%) aligned 0 times
        156423 (1.67%) aligned exactly 1 time
        87354 (0.93%) aligned >1 times
47.51% overall alignment rate
24558415 reads; of these:
  24558415 (100.00%) were paired; of these:
    11999121 (48.86%) aligned concordantly 0 times
    10616472 (43.23%) aligned concordantly exactly 1 time
    1942822 (7.91%) aligned concordantly >1 times
    ----
    11999121 pairs aligned concordantly 0 times; of these:
      365425 (3.05%) aligned discordantly 1 time
    ----
    11633696 pairs aligned 0 times concordantly or discordantly; of these:
      23267392 mates make up the pairs; of these:
        22372349 (96.15%) aligned 0 times
        557817 (2.40%) aligned exactly 1 time
        337226 (1.45%) aligned >1 times
54.45% overall alignment rate
8251741 reads; of these:
  8251741 (100.00%) were paired; of these:
    5448556 (66.03%) aligned concordantly 0 times
    2373147 (28.76%) aligned concordantly exactly 1 time
    430038 (5.21%) aligned concordantly >1 times
    ----
    5448556 pairs aligned concordantly 0 times; of these:
      170839 (3.14%) aligned discordantly 1 time
    ----
    5277717 pairs aligned 0 times concordantly or discordantly; of these:
      10555434 mates make up the pairs; of these:
        10253980 (97.14%) aligned 0 times
        176035 (1.67%) aligned exactly 1 time
        125419 (1.19%) aligned >1 times
37.87% overall alignment rate
12412205 reads; of these:
  12412205 (100.00%) were paired; of these:
    10731783 (86.46%) aligned concordantly 0 times
    1415137 (11.40%) aligned concordantly exactly 1 time
    265285 (2.14%) aligned concordantly >1 times
    ----
    10731783 pairs aligned concordantly 0 times; of these:
      76812 (0.72%) aligned discordantly 1 time
    ----
    10654971 pairs aligned 0 times concordantly or discordantly; of these:
      21309942 mates make up the pairs; of these:
        21161267 (99.30%) aligned 0 times
        87622 (0.41%) aligned exactly 1 time
        61053 (0.29%) aligned >1 times
14.76% overall alignment rate
46952590 reads; of these:
  46952590 (100.00%) were paired; of these:
    23972843 (51.06%) aligned concordantly 0 times
    19234132 (40.97%) aligned concordantly exactly 1 time
    3745615 (7.98%) aligned concordantly >1 times
    ----
    23972843 pairs aligned concordantly 0 times; of these:
      358032 (1.49%) aligned discordantly 1 time
    ----
    23614811 pairs aligned 0 times concordantly or discordantly; of these:
      47229622 mates make up the pairs; of these:
        45899419 (97.18%) aligned 0 times
        915304 (1.94%) aligned exactly 1 time
        414899 (0.88%) aligned >1 times
51.12% overall alignment rate
8240058 reads; of these:
  8240058 (100.00%) were paired; of these:
    5601242 (67.98%) aligned concordantly 0 times
    2211078 (26.83%) aligned concordantly exactly 1 time
    427738 (5.19%) aligned concordantly >1 times
    ----
    5601242 pairs aligned concordantly 0 times; of these:
      10232 (0.18%) aligned discordantly 1 time
    ----
    5591010 pairs aligned 0 times concordantly or discordantly; of these:
      11182020 mates make up the pairs; of these:
        11085154 (99.13%) aligned 0 times
        69102 (0.62%) aligned exactly 1 time
        27764 (0.25%) aligned >1 times
32.74% overall alignment rate
23247562 reads; of these:
  23247562 (100.00%) were paired; of these:
    21487608 (92.43%) aligned concordantly 0 times
    1493896 (6.43%) aligned concordantly exactly 1 time
    266058 (1.14%) aligned concordantly >1 times
    ----
    21487608 pairs aligned concordantly 0 times; of these:
      122944 (0.57%) aligned discordantly 1 time
    ----
    21364664 pairs aligned 0 times concordantly or discordantly; of these:
      42729328 mates make up the pairs; of these:
        42493479 (99.45%) aligned 0 times
        138528 (0.32%) aligned exactly 1 time
        97321 (0.23%) aligned >1 times
8.61% overall alignment rate
19061448 reads; of these:
  19061448 (100.00%) were paired; of these:
    17481565 (91.71%) aligned concordantly 0 times
    1342178 (7.04%) aligned concordantly exactly 1 time
    237705 (1.25%) aligned concordantly >1 times
    ----
    17481565 pairs aligned concordantly 0 times; of these:
      100680 (0.58%) aligned discordantly 1 time
    ----
    17380885 pairs aligned 0 times concordantly or discordantly; of these:
      34761770 mates make up the pairs; of these:
        34565415 (99.44%) aligned 0 times
        117550 (0.34%) aligned exactly 1 time
        78805 (0.23%) aligned >1 times
9.33% overall alignment rate
25126056 reads; of these:
  25126056 (100.00%) were paired; of these:
    23272390 (92.62%) aligned concordantly 0 times
    1575134 (6.27%) aligned concordantly exactly 1 time
    278532 (1.11%) aligned concordantly >1 times
    ----
    23272390 pairs aligned concordantly 0 times; of these:
      98629 (0.42%) aligned discordantly 1 time
    ----
    23173761 pairs aligned 0 times concordantly or discordantly; of these:
      46347522 mates make up the pairs; of these:
        46162474 (99.60%) aligned 0 times
        105007 (0.23%) aligned exactly 1 time
        80041 (0.17%) aligned >1 times
8.14% overall alignment rate
26721228 reads; of these:
  26721228 (100.00%) were paired; of these:
    24713528 (92.49%) aligned concordantly 0 times
    1709552 (6.40%) aligned concordantly exactly 1 time
    298148 (1.12%) aligned concordantly >1 times
    ----
    24713528 pairs aligned concordantly 0 times; of these:
      213440 (0.86%) aligned discordantly 1 time
    ----
    24500088 pairs aligned 0 times concordantly or discordantly; of these:
      49000176 mates make up the pairs; of these:
        48652235 (99.29%) aligned 0 times
        200883 (0.41%) aligned exactly 1 time
        147058 (0.30%) aligned >1 times
8.96% overall alignment rate
23528796 reads; of these:
  23528796 (100.00%) were paired; of these:
    21766647 (92.51%) aligned concordantly 0 times
    1497123 (6.36%) aligned concordantly exactly 1 time
    265026 (1.13%) aligned concordantly >1 times
    ----
    21766647 pairs aligned concordantly 0 times; of these:
      98063 (0.45%) aligned discordantly 1 time
    ----
    21668584 pairs aligned 0 times concordantly or discordantly; of these:
      43337168 mates make up the pairs; of these:
        43151159 (99.57%) aligned 0 times
        104787 (0.24%) aligned exactly 1 time
        81222 (0.19%) aligned >1 times
8.30% overall alignment rate
