Command line: /vortexfs1/home/matthew.baldes/.conda/envs/Cap2/bin/spades.py	--only-error-correction	--meta	-t	36	-1	/vortexfs1/omics/env-bio/collaboration/clean_room/output/bowtie2/human/3_7.1.fq.paired.fq	-2	/vortexfs1/omics/env-bio/collaboration/clean_room/output/bowtie2/human/3_7.2.fq.paired.fq	-o	/vortexfs1/omics/env-bio/collaboration/clean_room/output/error_corrected/3_7_paired	

System information:
  SPAdes version: 3.13.1
  Python version: 3.6.13
  OS: Linux-3.10.0-693.2.2.el7.x86_64-x86_64-with-centos-7.4.1708-Core

Output dir: /vortexfs1/omics/env-bio/collaboration/clean_room/output/error_corrected/3_7_paired
Mode: ONLY read error correction (without assembling)
Debug mode is turned OFF

Dataset parameters:
  Metagenomic mode
  Reads:
    Library number: 1, library type: paired-end
      orientation: fr
      left reads: ['/vortexfs1/omics/env-bio/collaboration/clean_room/output/bowtie2/human/3_7.1.fq.paired.fq']
      right reads: ['/vortexfs1/omics/env-bio/collaboration/clean_room/output/bowtie2/human/3_7.2.fq.paired.fq']
      interlaced reads: not specified
      single reads: not specified
      merged reads: not specified
Read error correction parameters:
  Iterations: 1
  PHRED offset will be auto-detected
  Corrected reads will be compressed
Other parameters:
  Dir for temp files: /vortexfs1/omics/env-bio/collaboration/clean_room/output/error_corrected/3_7_paired/tmp
  Threads: 36
  Memory limit (in Gb): 187


======= SPAdes pipeline started. Log can be found here: /vortexfs1/omics/env-bio/collaboration/clean_room/output/error_corrected/3_7_paired/spades.log


===== Read error correction started. 


== Running read error correction tool: /vortexfs1/home/matthew.baldes/.conda/envs/Cap2/share/spades-3.13.1-0/bin/spades-hammer /vortexfs1/omics/env-bio/collaboration/clean_room/output/error_corrected/3_7_paired/corrected/configs/config.info

  0:00:00.000     4M / 4M    INFO    General                 (main.cpp                  :  75)   Starting BayesHammer, built from refs/heads/spades_3.13.1, git revision 9a9d54db2ff9abaac718155bf74c12ec9464e8ca
  0:00:00.000     4M / 4M    INFO    General                 (main.cpp                  :  76)   Loading config from /vortexfs1/omics/env-bio/collaboration/clean_room/output/error_corrected/3_7_paired/corrected/configs/config.info
  0:00:00.001     4M / 4M    INFO    General                 (main.cpp                  :  78)   Maximum # of threads to use (adjusted due to OMP capabilities): 36
  0:00:00.001     4M / 4M    INFO    General                 (memory_limit.cpp          :  49)   Memory limit set to 187 Gb
  0:00:00.001     4M / 4M    INFO    General                 (main.cpp                  :  86)   Trying to determine PHRED offset
  0:00:00.103     4M / 4M    ERROR   General                 (main.cpp                  :  89)   Failed to determine offset! Specify it manually and restart, please!


== Error ==  system call for: "['/vortexfs1/home/matthew.baldes/.conda/envs/Cap2/share/spades-3.13.1-0/bin/spades-hammer', '/vortexfs1/omics/env-bio/collaboration/clean_room/output/error_corrected/3_7_paired/corrected/configs/config.info']" finished abnormally, err code: 255

In case you have troubles running SPAdes, you can write to spades.support@cab.spbu.ru
or report an issue on our GitHub repository github.com/ablab/spades
Please provide us with params.txt and spades.log files from the output directory.
Command line: /vortexfs1/home/matthew.baldes/.conda/envs/Cap2/bin/spades.py	--only-error-correction	--meta	-t	36	-1	/vortexfs1/omics/env-bio/collaboration/clean_room/output/bowtie2/human/4_5.1.fq.paired.fq	-2	/vortexfs1/omics/env-bio/collaboration/clean_room/output/bowtie2/human/4_5.2.fq.paired.fq	-o	/vortexfs1/omics/env-bio/collaboration/clean_room/output/error_corrected/4_5_paired	

System information:
  SPAdes version: 3.13.1
  Python version: 3.6.13
  OS: Linux-3.10.0-693.2.2.el7.x86_64-x86_64-with-centos-7.4.1708-Core

Output dir: /vortexfs1/omics/env-bio/collaboration/clean_room/output/error_corrected/4_5_paired
Mode: ONLY read error correction (without assembling)
Debug mode is turned OFF

Dataset parameters:
  Metagenomic mode
  Reads:
    Library number: 1, library type: paired-end
      orientation: fr
      left reads: ['/vortexfs1/omics/env-bio/collaboration/clean_room/output/bowtie2/human/4_5.1.fq.paired.fq']
      right reads: ['/vortexfs1/omics/env-bio/collaboration/clean_room/output/bowtie2/human/4_5.2.fq.paired.fq']
      interlaced reads: not specified
      single reads: not specified
      merged reads: not specified
Read error correction parameters:
  Iterations: 1
  PHRED offset will be auto-detected
  Corrected reads will be compressed
Other parameters:
  Dir for temp files: /vortexfs1/omics/env-bio/collaboration/clean_room/output/error_corrected/4_5_paired/tmp
  Threads: 36
  Memory limit (in Gb): 187


======= SPAdes pipeline started. Log can be found here: /vortexfs1/omics/env-bio/collaboration/clean_room/output/error_corrected/4_5_paired/spades.log


===== Read error correction started. 


== Running read error correction tool: /vortexfs1/home/matthew.baldes/.conda/envs/Cap2/share/spades-3.13.1-0/bin/spades-hammer /vortexfs1/omics/env-bio/collaboration/clean_room/output/error_corrected/4_5_paired/corrected/configs/config.info

  0:00:00.000     4M / 4M    INFO    General                 (main.cpp                  :  75)   Starting BayesHammer, built from refs/heads/spades_3.13.1, git revision 9a9d54db2ff9abaac718155bf74c12ec9464e8ca
  0:00:00.000     4M / 4M    INFO    General                 (main.cpp                  :  76)   Loading config from /vortexfs1/omics/env-bio/collaboration/clean_room/output/error_corrected/4_5_paired/corrected/configs/config.info
  0:00:00.000     4M / 4M    INFO    General                 (main.cpp                  :  78)   Maximum # of threads to use (adjusted due to OMP capabilities): 36
  0:00:00.000     4M / 4M    INFO    General                 (memory_limit.cpp          :  49)   Memory limit set to 187 Gb
  0:00:00.000     4M / 4M    INFO    General                 (main.cpp                  :  86)   Trying to determine PHRED offset
  0:00:00.069     4M / 4M    ERROR   General                 (main.cpp                  :  89)   Failed to determine offset! Specify it manually and restart, please!


== Error ==  system call for: "['/vortexfs1/home/matthew.baldes/.conda/envs/Cap2/share/spades-3.13.1-0/bin/spades-hammer', '/vortexfs1/omics/env-bio/collaboration/clean_room/output/error_corrected/4_5_paired/corrected/configs/config.info']" finished abnormally, err code: 255

In case you have troubles running SPAdes, you can write to spades.support@cab.spbu.ru
or report an issue on our GitHub repository github.com/ablab/spades
Please provide us with params.txt and spades.log files from the output directory.
