[2021-12-03 15:51:18] [1mINFO:[0m GTDB-Tk v1.3.0
[2021-12-03 15:51:18] [1mINFO:[0m gtdbtk classify_wf --cpus 36 --extension fa --genome_dir /vortexfs1/omics/env-bio/collaboration/clean_room/output/CheckM/ISO5 --out_dir /vortexfs1/omics/env-bio/collaboration/clean_room/output/gtdbtk/ISO5/3_3
[2021-12-03 15:51:18] [1mINFO:[0m Using GTDB-Tk reference data version r95: /vortexfs1/omics/env-bio/collaboration/databases/release95
[2021-12-03 15:51:18] [1;31mERROR:[0m No genomes found in directory: /vortexfs1/omics/env-bio/collaboration/clean_room/output/CheckM/ISO5. Check the --extension flag used to identify genomes.

[2021-12-03 15:51:18] [1;31mERROR:[0m Controlled exit resulting from an unrecoverable error or warning.
[2021-12-03 15:51:18] [1mINFO:[0m GTDB-Tk v1.3.0
[2021-12-03 15:51:18] [1mINFO:[0m gtdbtk classify_wf --cpus 36 --extension fa --genome_dir /vortexfs1/omics/env-bio/collaboration/clean_room/output/CheckM/ISO6-8 --out_dir /vortexfs1/omics/env-bio/collaboration/clean_room/output/gtdbtk/ISO6-8/2_5
[2021-12-03 15:51:18] [1mINFO:[0m Using GTDB-Tk reference data version r95: /vortexfs1/omics/env-bio/collaboration/databases/release95
[2021-12-03 15:51:18] [1;31mERROR:[0m No genomes found in directory: /vortexfs1/omics/env-bio/collaboration/clean_room/output/CheckM/ISO6-8. Check the --extension flag used to identify genomes.

[2021-12-03 15:51:18] [1;31mERROR:[0m Controlled exit resulting from an unrecoverable error or warning.
[2021-12-03 15:51:18] [1mINFO:[0m GTDB-Tk v1.3.0
[2021-12-03 15:51:18] [1mINFO:[0m gtdbtk classify_wf --cpus 36 --extension fa --genome_dir /vortexfs1/omics/env-bio/collaboration/clean_room/output/CheckM/ISO6-8 --out_dir /vortexfs1/omics/env-bio/collaboration/clean_room/output/gtdbtk/ISO6-8/2_7
[2021-12-03 15:51:18] [1mINFO:[0m Using GTDB-Tk reference data version r95: /vortexfs1/omics/env-bio/collaboration/databases/release95
[2021-12-03 15:51:18] [1;31mERROR:[0m No genomes found in directory: /vortexfs1/omics/env-bio/collaboration/clean_room/output/CheckM/ISO6-8. Check the --extension flag used to identify genomes.

[2021-12-03 15:51:18] [1;31mERROR:[0m Controlled exit resulting from an unrecoverable error or warning.
[2021-12-03 15:51:19] [1mINFO:[0m GTDB-Tk v1.3.0
[2021-12-03 15:51:19] [1mINFO:[0m gtdbtk classify_wf --cpus 36 --extension fa --genome_dir /vortexfs1/omics/env-bio/collaboration/clean_room/output/CheckM/ISO6-8 --out_dir /vortexfs1/omics/env-bio/collaboration/clean_room/output/gtdbtk/ISO6-8/2_8
[2021-12-03 15:51:19] [1mINFO:[0m Using GTDB-Tk reference data version r95: /vortexfs1/omics/env-bio/collaboration/databases/release95
[2021-12-03 15:51:19] [1;31mERROR:[0m No genomes found in directory: /vortexfs1/omics/env-bio/collaboration/clean_room/output/CheckM/ISO6-8. Check the --extension flag used to identify genomes.

[2021-12-03 15:51:19] [1;31mERROR:[0m Controlled exit resulting from an unrecoverable error or warning.
[2021-12-03 15:51:19] [1mINFO:[0m GTDB-Tk v1.3.0
[2021-12-03 15:51:19] [1mINFO:[0m gtdbtk classify_wf --cpus 36 --extension fa --genome_dir /vortexfs1/omics/env-bio/collaboration/clean_room/output/CheckM/ISO6-8 --out_dir /vortexfs1/omics/env-bio/collaboration/clean_room/output/gtdbtk/ISO6-8/3_8
[2021-12-03 15:51:19] [1mINFO:[0m Using GTDB-Tk reference data version r95: /vortexfs1/omics/env-bio/collaboration/databases/release95
[2021-12-03 15:51:19] [1;31mERROR:[0m No genomes found in directory: /vortexfs1/omics/env-bio/collaboration/clean_room/output/CheckM/ISO6-8. Check the --extension flag used to identify genomes.

[2021-12-03 15:51:19] [1;31mERROR:[0m Controlled exit resulting from an unrecoverable error or warning.
[2021-12-03 15:51:19] [1mINFO:[0m GTDB-Tk v1.3.0
[2021-12-03 15:51:19] [1mINFO:[0m gtdbtk classify_wf --cpus 36 --extension fa --genome_dir /vortexfs1/omics/env-bio/collaboration/clean_room/output/CheckM/ISO6-8 --out_dir /vortexfs1/omics/env-bio/collaboration/clean_room/output/gtdbtk/ISO6-8/4_1
[2021-12-03 15:51:19] [1mINFO:[0m Using GTDB-Tk reference data version r95: /vortexfs1/omics/env-bio/collaboration/databases/release95
[2021-12-03 15:51:19] [1;31mERROR:[0m No genomes found in directory: /vortexfs1/omics/env-bio/collaboration/clean_room/output/CheckM/ISO6-8. Check the --extension flag used to identify genomes.

[2021-12-03 15:51:19] [1;31mERROR:[0m Controlled exit resulting from an unrecoverable error or warning.
[2021-12-03 15:51:19] [1mINFO:[0m GTDB-Tk v1.3.0
[2021-12-03 15:51:19] [1mINFO:[0m gtdbtk classify_wf --cpus 36 --extension fa --genome_dir /vortexfs1/omics/env-bio/collaboration/clean_room/output/CheckM/ISO6-8 --out_dir /vortexfs1/omics/env-bio/collaboration/clean_room/output/gtdbtk/ISO6-8/4_3
[2021-12-03 15:51:19] [1mINFO:[0m Using GTDB-Tk reference data version r95: /vortexfs1/omics/env-bio/collaboration/databases/release95
[2021-12-03 15:51:19] [1;31mERROR:[0m No genomes found in directory: /vortexfs1/omics/env-bio/collaboration/clean_room/output/CheckM/ISO6-8. Check the --extension flag used to identify genomes.

[2021-12-03 15:51:19] [1;31mERROR:[0m Controlled exit resulting from an unrecoverable error or warning.
[2021-12-03 15:51:19] [1mINFO:[0m GTDB-Tk v1.3.0
[2021-12-03 15:51:19] [1mINFO:[0m gtdbtk classify_wf --cpus 36 --extension fa --genome_dir /vortexfs1/omics/env-bio/collaboration/clean_room/output/CheckM/ISO6-8 --out_dir /vortexfs1/omics/env-bio/collaboration/clean_room/output/gtdbtk/ISO6-8/4_4
[2021-12-03 15:51:19] [1mINFO:[0m Using GTDB-Tk reference data version r95: /vortexfs1/omics/env-bio/collaboration/databases/release95
[2021-12-03 15:51:19] [1;31mERROR:[0m No genomes found in directory: /vortexfs1/omics/env-bio/collaboration/clean_room/output/CheckM/ISO6-8. Check the --extension flag used to identify genomes.

[2021-12-03 15:51:19] [1;31mERROR:[0m Controlled exit resulting from an unrecoverable error or warning.
