2_10
count: option requires an argument -- 'o'
Use --usage or --help for some help
count: option requires an argument -- 'o'
Use --usage or --help for some help
2_2
count: option requires an argument -- 'o'
Use --usage or --help for some help
count: option requires an argument -- 'o'
Use --usage or --help for some help
2_4
count: option requires an argument -- 'o'
Use --usage or --help for some help
count: option requires an argument -- 'o'
Use --usage or --help for some help
2_5
count: option requires an argument -- 'o'
Use --usage or --help for some help
count: option requires an argument -- 'o'
Use --usage or --help for some help
2_6
count: option requires an argument -- 'o'
Use --usage or --help for some help
count: option requires an argument -- 'o'
Use --usage or --help for some help
2_7
count: option requires an argument -- 'o'
Use --usage or --help for some help
count: option requires an argument -- 'o'
Use --usage or --help for some help
2_8
count: option requires an argument -- 'o'
Use --usage or --help for some help
count: option requires an argument -- 'o'
Use --usage or --help for some help
2_9
count: option requires an argument -- 'o'
Use --usage or --help for some help
count: option requires an argument -- 'o'
Use --usage or --help for some help
3_1
count: option requires an argument -- 'o'
Use --usage or --help for some help
count: option requires an argument -- 'o'
Use --usage or --help for some help
3_3
count: option requires an argument -- 'o'
Use --usage or --help for some help
count: option requires an argument -- 'o'
Use --usage or --help for some help
3_4
count: option requires an argument -- 'o'
Use --usage or --help for some help
count: option requires an argument -- 'o'
Use --usage or --help for some help
3_5
count: option requires an argument -- 'o'
Use --usage or --help for some help
count: option requires an argument -- 'o'
Use --usage or --help for some help
3_6
count: option requires an argument -- 'o'
Use --usage or --help for some help
count: option requires an argument -- 'o'
Use --usage or --help for some help
3_7
count: option requires an argument -- 'o'
Use --usage or --help for some help
gzip: /vortexfs1/omics/env-bio/collaboration/clean_room/output/error_corrected/3_7/corrected/3_7.1.00.0_0.cor.fastq.gz: No such file or directory
gzip: /vortexfs1/omics/env-bio/collaboration/clean_room/output/error_corrected/3_7/corrected/3_7.2.00.0_0.cor.fastq.gz: No such file or directory
count: option requires an argument -- 'o'
Use --usage or --help for some help
3_8
gzip: /vortexfs1/omics/env-bio/collaboration/clean_room/output/error_corrected/3_7/corrected/3_7.1.00.0_0.cor.fastq.gz: No such file or directory
gzip: /vortexfs1/omics/env-bio/collaboration/clean_room/output/error_corrected/3_7/corrected/3_7.2.00.0_0.cor.fastq.gz: No such file or directory
count: option requires an argument -- 'o'
Use --usage or --help for some help
count: option requires an argument -- 'o'
Use --usage or --help for some help
3_9
count: option requires an argument -- 'o'
Use --usage or --help for some help
count: option requires an argument -- 'o'
Use --usage or --help for some help
4_1
count: option requires an argument -- 'o'
Use --usage or --help for some help
count: option requires an argument -- 'o'
Use --usage or --help for some help
4_2
count: option requires an argument -- 'o'
Use --usage or --help for some help
count: option requires an argument -- 'o'
Use --usage or --help for some help
4_3
count: option requires an argument -- 'o'
Use --usage or --help for some help
count: option requires an argument -- 'o'
Use --usage or --help for some help
4_4
count: option requires an argument -- 'o'
Use --usage or --help for some help
count: option requires an argument -- 'o'
Use --usage or --help for some help
4_5
count: option requires an argument -- 'o'
Use --usage or --help for some help
gzip: /vortexfs1/omics/env-bio/collaboration/clean_room/output/error_corrected/4_5/corrected/4_5.2.00.0_0.cor.fastq.gz: No such file or directory
gzip: /vortexfs1/omics/env-bio/collaboration/clean_room/output/error_corrected/4_5/corrected/4_5.1.00.0_0.cor.fastq.gz: No such file or directory
count: option requires an argument -- 'o'
Use --usage or --help for some help
4_6
gzip: gzip: /vortexfs1/omics/env-bio/collaboration/clean_room/output/error_corrected/4_5/corrected/4_5.1.00.0_0.cor.fastq.gz: No such file or directory
/vortexfs1/omics/env-bio/collaboration/clean_room/output/error_corrected/4_5/corrected/4_5.2.00.0_0.cor.fastq.gz: No such file or directory
count: option requires an argument -- 'o'
Use --usage or --help for some help
count: option requires an argument -- 'o'
Use --usage or --help for some help
4_7
count: option requires an argument -- 'o'
Use --usage or --help for some help
count: option requires an argument -- 'o'
Use --usage or --help for some help
4_8
count: option requires an argument -- 'o'
Use --usage or --help for some help
count: option requires an argument -- 'o'
Use --usage or --help for some help
