2_10
Loading database information... done.
38605 sequences (11.40 Mbp) processed in 0.520s (4457.0 Kseq/m, 1316.20 Mbp/m).
  25486 sequences classified (66.02%)
  13119 sequences unclassified (33.98%)
2_2
Loading database information... done.
128942 sequences (37.72 Mbp) processed in 1.017s (7605.8 Kseq/m, 2225.19 Mbp/m).
  86446 sequences classified (67.04%)
  42496 sequences unclassified (32.96%)
2_4
Loading database information... done.
83591 sequences (24.84 Mbp) processed in 0.904s (5549.6 Kseq/m, 1648.80 Mbp/m).
  29108 sequences classified (34.82%)
  54483 sequences unclassified (65.18%)
2_5
Loading database information... done.
21861163 sequences (6546.62 Mbp) processed in 113.792s (11526.9 Kseq/m, 3451.89 Mbp/m).
  12804355 sequences classified (58.57%)
  9056808 sequences unclassified (41.43%)
2_6
Loading database information... done.
3688551 sequences (1099.21 Mbp) processed in 26.379s (8389.7 Kseq/m, 2500.19 Mbp/m).
  1133739 sequences classified (30.74%)
  2554812 sequences unclassified (69.26%)
2_7
Loading database information... done.
9996237 sequences (2973.37 Mbp) processed in 61.333s (9779.0 Kseq/m, 2908.76 Mbp/m).
  5550183 sequences classified (55.52%)
  4446054 sequences unclassified (44.48%)
2_8
Loading database information... done.
3834642 sequences (1143.75 Mbp) processed in 30.015s (7665.4 Kseq/m, 2286.33 Mbp/m).
  925925 sequences classified (24.15%)
  2908717 sequences unclassified (75.85%)
2_9
Loading database information... done.
9459799 sequences (2833.14 Mbp) processed in 66.725s (8506.4 Kseq/m, 2547.62 Mbp/m).
  5535975 sequences classified (58.52%)
  3923824 sequences unclassified (41.48%)
3_1
Loading database information... done.
95415 sequences (28.16 Mbp) processed in 0.912s (6280.0 Kseq/m, 1853.20 Mbp/m).
  57498 sequences classified (60.26%)
  37917 sequences unclassified (39.74%)
3_3
Loading database information... done.
511851 sequences (152.32 Mbp) processed in 3.227s (9516.4 Kseq/m, 2832.01 Mbp/m).
  313015 sequences classified (61.15%)
  198836 sequences unclassified (38.85%)
3_4
Loading database information... done.
115139 sequences (34.23 Mbp) processed in 0.983s (7027.8 Kseq/m, 2089.41 Mbp/m).
  49170 sequences classified (42.70%)
  65969 sequences unclassified (57.30%)
3_5
Loading database information... done.
60298 sequences (17.92 Mbp) processed in 0.793s (4564.2 Kseq/m, 1356.10 Mbp/m).
  33287 sequences classified (55.20%)
  27011 sequences unclassified (44.80%)
3_6
Loading database information... done.
303639 sequences (90.35 Mbp) processed in 2.000s (9106.9 Kseq/m, 2709.85 Mbp/m).
  151472 sequences classified (49.89%)
  152167 sequences unclassified (50.11%)
3_8
Loading database information... done.
4526366 sequences (1344.49 Mbp) processed in 23.345s (11633.4 Kseq/m, 3455.52 Mbp/m).
  2141140 sequences classified (47.30%)
  2385226 sequences unclassified (52.70%)
3_9
Loading database information... done.
131721 sequences (39.03 Mbp) processed in 1.172s (6744.2 Kseq/m, 1998.52 Mbp/m).
  80670 sequences classified (61.24%)
  51051 sequences unclassified (38.76%)
4_1
Loading database information... done.
16276031 sequences (4862.52 Mbp) processed in 108.238s (9022.4 Kseq/m, 2695.47 Mbp/m).
  4409765 sequences classified (27.09%)
  11866266 sequences unclassified (72.91%)
4_2
Loading database information... done.
12784951 sequences (3812.93 Mbp) processed in 85.277s (8995.3 Kseq/m, 2682.73 Mbp/m).
  3314985 sequences classified (25.93%)
  9469966 sequences unclassified (74.07%)
4_3
Loading database information... done.
18537660 sequences (5536.68 Mbp) processed in 119.838s (9281.4 Kseq/m, 2772.09 Mbp/m).
  4015392 sequences classified (21.66%)
  14522268 sequences unclassified (78.34%)
4_4
Loading database information... done.
18397488 sequences (5503.44 Mbp) processed in 95.245s (11589.5 Kseq/m, 3466.90 Mbp/m).
  4892032 sequences classified (26.59%)
  13505456 sequences unclassified (73.41%)
4_6
Loading database information... done.
183057 sequences (54.28 Mbp) processed in 1.695s (6478.2 Kseq/m, 1920.83 Mbp/m).
  139924 sequences classified (76.44%)
  43133 sequences unclassified (23.56%)
4_7
Loading database information... done.
151786 sequences (44.92 Mbp) processed in 1.876s (4853.3 Kseq/m, 1436.27 Mbp/m).
  110593 sequences classified (72.86%)
  41193 sequences unclassified (27.14%)
4_8
Loading database information... done.
333237 sequences (99.05 Mbp) processed in 2.299s (8696.3 Kseq/m, 2584.92 Mbp/m).
  238066 sequences classified (71.44%)
  95171 sequences unclassified (28.56%)
