2_10
Loading database information... done.
38605 sequences (11.40 Mbp) processed in 0.505s (4588.6 Kseq/m, 1355.07 Mbp/m).
  25486 sequences classified (66.02%)
  13119 sequences unclassified (33.98%)
2_2
Loading database information... done.
128942 sequences (37.72 Mbp) processed in 1.038s (7454.5 Kseq/m, 2180.91 Mbp/m).
  86446 sequences classified (67.04%)
  42496 sequences unclassified (32.96%)
2_4
Loading database information... done.
83591 sequences (24.84 Mbp) processed in 0.963s (5207.5 Kseq/m, 1547.16 Mbp/m).
  29108 sequences classified (34.82%)
  54483 sequences unclassified (65.18%)
2_5
Loading database information... done.
21861163 sequences (6546.62 Mbp) processed in 114.511s (11454.5 Kseq/m, 3430.21 Mbp/m).
  12804355 sequences classified (58.57%)
  9056808 sequences unclassified (41.43%)
2_6
Loading database information... done.
3688551 sequences (1099.21 Mbp) processed in 23.080s (9588.9 Kseq/m, 2857.55 Mbp/m).
  1133739 sequences classified (30.74%)
  2554812 sequences unclassified (69.26%)
2_7
Loading database information... done.
9996237 sequences (2973.37 Mbp) processed in 51.297s (11692.2 Kseq/m, 3477.82 Mbp/m).
  5550183 sequences classified (55.52%)
  4446054 sequences unclassified (44.48%)
2_8
Loading database information... done.
3834642 sequences (1143.75 Mbp) processed in 26.707s (8614.9 Kseq/m, 2569.54 Mbp/m).
  925925 sequences classified (24.15%)
  2908717 sequences unclassified (75.85%)
2_9
Loading database information... done.
9459799 sequences (2833.14 Mbp) processed in 50.083s (11333.0 Kseq/m, 3394.14 Mbp/m).
  5535975 sequences classified (58.52%)
  3923824 sequences unclassified (41.48%)
3_1
Loading database information... done.
95415 sequences (28.16 Mbp) processed in 0.890s (6428.9 Kseq/m, 1897.13 Mbp/m).
  57498 sequences classified (60.26%)
  37917 sequences unclassified (39.74%)
3_3
Loading database information... done.
511851 sequences (152.32 Mbp) processed in 3.085s (9956.5 Kseq/m, 2962.99 Mbp/m).
  313015 sequences classified (61.15%)
  198836 sequences unclassified (38.85%)
3_4
Loading database information... done.
115139 sequences (34.23 Mbp) processed in 1.022s (6762.3 Kseq/m, 2010.48 Mbp/m).
  49170 sequences classified (42.70%)
  65969 sequences unclassified (57.30%)
3_5
Loading database information... done.
60298 sequences (17.92 Mbp) processed in 0.807s (4484.4 Kseq/m, 1332.40 Mbp/m).
  33287 sequences classified (55.20%)
  27011 sequences unclassified (44.80%)
3_6
Loading database information... done.
303639 sequences (90.35 Mbp) processed in 2.003s (9097.1 Kseq/m, 2706.93 Mbp/m).
  151472 sequences classified (49.89%)
  152167 sequences unclassified (50.11%)
3_8
Loading database information... done.
4526366 sequences (1344.49 Mbp) processed in 23.449s (11581.9 Kseq/m, 3440.24 Mbp/m).
  2141140 sequences classified (47.30%)
  2385226 sequences unclassified (52.70%)
3_9
Loading database information... done.
131721 sequences (39.03 Mbp) processed in 1.141s (6927.7 Kseq/m, 2052.88 Mbp/m).
  80670 sequences classified (61.24%)
  51051 sequences unclassified (38.76%)
4_1
Loading database information... done.
16276031 sequences (4862.52 Mbp) processed in 96.697s (10099.2 Kseq/m, 3017.18 Mbp/m).
  4409765 sequences classified (27.09%)
  11866266 sequences unclassified (72.91%)
4_2
Loading database information... done.
12784951 sequences (3812.93 Mbp) processed in 66.059s (11612.3 Kseq/m, 3463.22 Mbp/m).
  3314985 sequences classified (25.93%)
  9469966 sequences unclassified (74.07%)
4_3
Loading database information... done.
18537660 sequences (5536.68 Mbp) processed in 100.468s (11070.8 Kseq/m, 3306.54 Mbp/m).
  4015392 sequences classified (21.66%)
  14522268 sequences unclassified (78.34%)
4_4
Loading database information... done.
18397488 sequences (5503.44 Mbp) processed in 96.550s (11432.9 Kseq/m, 3420.05 Mbp/m).
  4892032 sequences classified (26.59%)
  13505456 sequences unclassified (73.41%)
4_6
Loading database information... done.
183057 sequences (54.28 Mbp) processed in 1.507s (7287.9 Kseq/m, 2160.90 Mbp/m).
  139924 sequences classified (76.44%)
  43133 sequences unclassified (23.56%)
4_7
Loading database information... done.
151786 sequences (44.92 Mbp) processed in 1.300s (7006.1 Kseq/m, 2073.36 Mbp/m).
  110593 sequences classified (72.86%)
  41193 sequences unclassified (27.14%)
4_8
Loading database information... done.
333237 sequences (99.05 Mbp) processed in 2.435s (8212.4 Kseq/m, 2441.09 Mbp/m).
  238066 sequences classified (71.44%)
  95171 sequences unclassified (28.56%)
