/cm/local/apps/slurm/var/spool/job1778692/slurm_script: line 16: cd: /vortexfs1/omics/env-bio/collaboration/clean_room/output/kraken2/2_10: No such file or directory
Loading database information... done.
38605 sequences (11.40 Mbp) processed in 0.588s (3937.4 Kseq/m, 1162.75 Mbp/m).
  25486 sequences classified (66.02%)
  13119 sequences unclassified (33.98%)
/cm/local/apps/slurm/var/spool/job1778692/slurm_script: line 16: cd: /vortexfs1/omics/env-bio/collaboration/clean_room/output/kraken2/2_2: No such file or directory
Loading database information... done.
128942 sequences (37.72 Mbp) processed in 1.092s (7085.7 Kseq/m, 2073.02 Mbp/m).
  86446 sequences classified (67.04%)
  42496 sequences unclassified (32.96%)
/cm/local/apps/slurm/var/spool/job1778692/slurm_script: line 16: cd: /vortexfs1/omics/env-bio/collaboration/clean_room/output/kraken2/2_4: No such file or directory
Loading database information... done.
83591 sequences (24.84 Mbp) processed in 0.889s (5640.1 Kseq/m, 1675.70 Mbp/m).
  29108 sequences classified (34.82%)
  54483 sequences unclassified (65.18%)
/cm/local/apps/slurm/var/spool/job1778692/slurm_script: line 16: cd: /vortexfs1/omics/env-bio/collaboration/clean_room/output/kraken2/2_5: No such file or directory
Loading database information... done.
21861163 sequences (6546.62 Mbp) processed in 123.963s (10581.1 Kseq/m, 3168.65 Mbp/m).
  12804355 sequences classified (58.57%)
  9056808 sequences unclassified (41.43%)
/cm/local/apps/slurm/var/spool/job1778692/slurm_script: line 16: cd: /vortexfs1/omics/env-bio/collaboration/clean_room/output/kraken2/2_6: No such file or directory
Loading database information... done.
3688551 sequences (1099.21 Mbp) processed in 28.750s (7698.0 Kseq/m, 2294.04 Mbp/m).
  1133739 sequences classified (30.74%)
  2554812 sequences unclassified (69.26%)
/cm/local/apps/slurm/var/spool/job1778692/slurm_script: line 16: cd: /vortexfs1/omics/env-bio/collaboration/clean_room/output/kraken2/2_7: No such file or directory
Loading database information... done.
9996237 sequences (2973.37 Mbp) processed in 64.286s (9329.8 Kseq/m, 2775.14 Mbp/m).
  5550183 sequences classified (55.52%)
  4446054 sequences unclassified (44.48%)
/cm/local/apps/slurm/var/spool/job1778692/slurm_script: line 16: cd: /vortexfs1/omics/env-bio/collaboration/clean_room/output/kraken2/2_8: No such file or directory
Loading database information... done.
3834642 sequences (1143.75 Mbp) processed in 26.944s (8539.1 Kseq/m, 2546.94 Mbp/m).
  925925 sequences classified (24.15%)
  2908717 sequences unclassified (75.85%)
/cm/local/apps/slurm/var/spool/job1778692/slurm_script: line 16: cd: /vortexfs1/omics/env-bio/collaboration/clean_room/output/kraken2/2_9: No such file or directory
Loading database information... done.
9459799 sequences (2833.14 Mbp) processed in 64.421s (8810.6 Kseq/m, 2638.71 Mbp/m).
  5535975 sequences classified (58.52%)
  3923824 sequences unclassified (41.48%)
/cm/local/apps/slurm/var/spool/job1778692/slurm_script: line 16: cd: /vortexfs1/omics/env-bio/collaboration/clean_room/output/kraken2/3_1: No such file or directory
Loading database information... done.
95415 sequences (28.16 Mbp) processed in 0.966s (5926.8 Kseq/m, 1748.96 Mbp/m).
  57498 sequences classified (60.26%)
  37917 sequences unclassified (39.74%)
/cm/local/apps/slurm/var/spool/job1778692/slurm_script: line 16: cd: /vortexfs1/omics/env-bio/collaboration/clean_room/output/kraken2/3_3: No such file or directory
Loading database information... done.
511851 sequences (152.32 Mbp) processed in 3.431s (8951.6 Kseq/m, 2663.94 Mbp/m).
  313015 sequences classified (61.15%)
  198836 sequences unclassified (38.85%)
/cm/local/apps/slurm/var/spool/job1778692/slurm_script: line 16: cd: /vortexfs1/omics/env-bio/collaboration/clean_room/output/kraken2/3_4: No such file or directory
Loading database information... done.
115139 sequences (34.23 Mbp) processed in 1.102s (6269.4 Kseq/m, 1863.91 Mbp/m).
  49170 sequences classified (42.70%)
  65969 sequences unclassified (57.30%)
/cm/local/apps/slurm/var/spool/job1778692/slurm_script: line 16: cd: /vortexfs1/omics/env-bio/collaboration/clean_room/output/kraken2/3_5: No such file or directory
Loading database information... done.
60298 sequences (17.92 Mbp) processed in 0.780s (4637.4 Kseq/m, 1377.86 Mbp/m).
  33287 sequences classified (55.20%)
  27011 sequences unclassified (44.80%)
/cm/local/apps/slurm/var/spool/job1778692/slurm_script: line 16: cd: /vortexfs1/omics/env-bio/collaboration/clean_room/output/kraken2/3_6: No such file or directory
Loading database information... done.
303639 sequences (90.35 Mbp) processed in 2.054s (8869.6 Kseq/m, 2639.23 Mbp/m).
  151472 sequences classified (49.89%)
  152167 sequences unclassified (50.11%)
/cm/local/apps/slurm/var/spool/job1778692/slurm_script: line 16: cd: /vortexfs1/omics/env-bio/collaboration/clean_room/output/kraken2/3_7: No such file or directory
Loading database information... done.
0 sequences (0.00 Mbp) processed in 0.001s (0.0 Kseq/m, 0.00 Mbp/m).
  0 sequences classified (-nan%)
  0 sequences unclassified (-nan%)
/cm/local/apps/slurm/var/spool/job1778692/slurm_script: line 16: cd: /vortexfs1/omics/env-bio/collaboration/clean_room/output/kraken2/3_8: No such file or directory
Loading database information... done.
4526366 sequences (1344.49 Mbp) processed in 33.569s (8090.3 Kseq/m, 2403.10 Mbp/m).
  2141140 sequences classified (47.30%)
  2385226 sequences unclassified (52.70%)
/cm/local/apps/slurm/var/spool/job1778692/slurm_script: line 16: cd: /vortexfs1/omics/env-bio/collaboration/clean_room/output/kraken2/3_9: No such file or directory
Loading database information... done.
131721 sequences (39.03 Mbp) processed in 1.191s (6636.7 Kseq/m, 1966.66 Mbp/m).
  80670 sequences classified (61.24%)
  51051 sequences unclassified (38.76%)
/cm/local/apps/slurm/var/spool/job1778692/slurm_script: line 16: cd: /vortexfs1/omics/env-bio/collaboration/clean_room/output/kraken2/4_1: No such file or directory
Loading database information... done.
16276031 sequences (4862.52 Mbp) processed in 104.761s (9321.8 Kseq/m, 2784.92 Mbp/m).
  4409765 sequences classified (27.09%)
  11866266 sequences unclassified (72.91%)
/cm/local/apps/slurm/var/spool/job1778692/slurm_script: line 16: cd: /vortexfs1/omics/env-bio/collaboration/clean_room/output/kraken2/4_2: No such file or directory
Loading database information... done.
12784951 sequences (3812.93 Mbp) processed in 85.024s (9022.1 Kseq/m, 2690.72 Mbp/m).
  3314985 sequences classified (25.93%)
  9469966 sequences unclassified (74.07%)
/cm/local/apps/slurm/var/spool/job1778692/slurm_script: line 16: cd: /vortexfs1/omics/env-bio/collaboration/clean_room/output/kraken2/4_3: No such file or directory
Loading database information... done.
18537660 sequences (5536.68 Mbp) processed in 114.260s (9734.5 Kseq/m, 2907.41 Mbp/m).
  4015392 sequences classified (21.66%)
  14522268 sequences unclassified (78.34%)
/cm/local/apps/slurm/var/spool/job1778692/slurm_script: line 16: cd: /vortexfs1/omics/env-bio/collaboration/clean_room/output/kraken2/4_4: No such file or directory
Loading database information... done.
18397488 sequences (5503.44 Mbp) processed in 119.170s (9262.8 Kseq/m, 2770.87 Mbp/m).
  4892032 sequences classified (26.59%)
  13505456 sequences unclassified (73.41%)
/cm/local/apps/slurm/var/spool/job1778692/slurm_script: line 16: cd: /vortexfs1/omics/env-bio/collaboration/clean_room/output/kraken2/4_5: No such file or directory
Loading database information... done.
0 sequences (0.00 Mbp) processed in 0.001s (0.0 Kseq/m, 0.00 Mbp/m).
  0 sequences classified (-nan%)
  0 sequences unclassified (-nan%)
/cm/local/apps/slurm/var/spool/job1778692/slurm_script: line 16: cd: /vortexfs1/omics/env-bio/collaboration/clean_room/output/kraken2/4_6: No such file or directory
Loading database information... done.
183057 sequences (54.28 Mbp) processed in 1.595s (6887.3 Kseq/m, 2042.13 Mbp/m).
  139924 sequences classified (76.44%)
  43133 sequences unclassified (23.56%)
/cm/local/apps/slurm/var/spool/job1778692/slurm_script: line 16: cd: /vortexfs1/omics/env-bio/collaboration/clean_room/output/kraken2/4_7: No such file or directory
Loading database information... done.
151786 sequences (44.92 Mbp) processed in 1.219s (7470.0 Kseq/m, 2210.67 Mbp/m).
  110593 sequences classified (72.86%)
  41193 sequences unclassified (27.14%)
/cm/local/apps/slurm/var/spool/job1778692/slurm_script: line 16: cd: /vortexfs1/omics/env-bio/collaboration/clean_room/output/kraken2/4_8: No such file or directory
Loading database information... done.
333237 sequences (99.05 Mbp) processed in 2.334s (8565.5 Kseq/m, 2546.03 Mbp/m).
  238066 sequences classified (71.44%)
  95171 sequences unclassified (28.56%)
