2_10
Loading database information... done.
38605 sequences (11.40 Mbp) processed in 0.496s (4665.4 Kseq/m, 1377.77 Mbp/m).
  25486 sequences classified (66.02%)
  13119 sequences unclassified (33.98%)
2_2
Loading database information... done.
128942 sequences (37.72 Mbp) processed in 1.008s (7673.4 Kseq/m, 2244.96 Mbp/m).
  86446 sequences classified (67.04%)
  42496 sequences unclassified (32.96%)
2_4
Loading database information... done.
83591 sequences (24.84 Mbp) processed in 0.785s (6390.9 Kseq/m, 1898.75 Mbp/m).
  29108 sequences classified (34.82%)
  54483 sequences unclassified (65.18%)
2_5
Loading database information... done.
21861163 sequences (6546.62 Mbp) processed in 114.041s (11501.8 Kseq/m, 3444.36 Mbp/m).
  12804355 sequences classified (58.57%)
  9056808 sequences unclassified (41.43%)
2_6
Loading database information... done.
3688551 sequences (1099.21 Mbp) processed in 19.546s (11322.7 Kseq/m, 3374.22 Mbp/m).
  1133739 sequences classified (30.74%)
  2554812 sequences unclassified (69.26%)
2_7
Loading database information... done.
9996237 sequences (2973.37 Mbp) processed in 51.256s (11701.5 Kseq/m, 3480.61 Mbp/m).
  5550183 sequences classified (55.52%)
  4446054 sequences unclassified (44.48%)
2_8
Loading database information... done.
3834642 sequences (1143.75 Mbp) processed in 20.168s (11408.1 Kseq/m, 3402.66 Mbp/m).
  925925 sequences classified (24.15%)
  2908717 sequences unclassified (75.85%)
2_9
Loading database information... done.
9459799 sequences (2833.14 Mbp) processed in 50.371s (11268.2 Kseq/m, 3374.75 Mbp/m).
  5535975 sequences classified (58.52%)
  3923824 sequences unclassified (41.48%)
3_1
Loading database information... done.
95415 sequences (28.16 Mbp) processed in 0.849s (6742.8 Kseq/m, 1989.78 Mbp/m).
  57498 sequences classified (60.26%)
  37917 sequences unclassified (39.74%)
3_3
Loading database information... done.
511851 sequences (152.32 Mbp) processed in 2.988s (10277.6 Kseq/m, 3058.55 Mbp/m).
  313015 sequences classified (61.15%)
  198836 sequences unclassified (38.85%)
3_4
Loading database information... done.
115139 sequences (34.23 Mbp) processed in 1.027s (6728.2 Kseq/m, 2000.33 Mbp/m).
  49170 sequences classified (42.70%)
  65969 sequences unclassified (57.30%)
3_5
Loading database information... done.
60298 sequences (17.92 Mbp) processed in 0.654s (5530.8 Kseq/m, 1643.30 Mbp/m).
  33287 sequences classified (55.20%)
  27011 sequences unclassified (44.80%)
3_6
Loading database information... done.
303639 sequences (90.35 Mbp) processed in 2.442s (7461.6 Kseq/m, 2220.27 Mbp/m).
  151472 sequences classified (49.89%)
  152167 sequences unclassified (50.11%)
3_7
Loading database information... done.
0 sequences (0.00 Mbp) processed in 0.001s (0.0 Kseq/m, 0.00 Mbp/m).
  0 sequences classified (-nan%)
  0 sequences unclassified (-nan%)
3_8
Loading database information... done.
4526366 sequences (1344.49 Mbp) processed in 23.269s (11671.4 Kseq/m, 3466.83 Mbp/m).
  2141140 sequences classified (47.30%)
  2385226 sequences unclassified (52.70%)
3_9
Loading database information... done.
131721 sequences (39.03 Mbp) processed in 1.134s (6971.0 Kseq/m, 2065.71 Mbp/m).
  80670 sequences classified (61.24%)
  51051 sequences unclassified (38.76%)
4_1
Loading database information... done.
16276031 sequences (4862.52 Mbp) processed in 84.141s (11606.2 Kseq/m, 3467.40 Mbp/m).
  4409765 sequences classified (27.09%)
  11866266 sequences unclassified (72.91%)
4_2
Loading database information... done.
12784951 sequences (3812.93 Mbp) processed in 66.429s (11547.7 Kseq/m, 3443.93 Mbp/m).
  3314985 sequences classified (25.93%)
  9469966 sequences unclassified (74.07%)
4_3
Loading database information... done.
18537660 sequences (5536.68 Mbp) processed in 95.547s (11641.0 Kseq/m, 3476.84 Mbp/m).
  4015392 sequences classified (21.66%)
  14522268 sequences unclassified (78.34%)
4_4
Loading database information... done.
slurmstepd: error: *** JOB 1802540 ON pn075 CANCELLED AT 2021-11-29T21:36:26 ***
