2_10
15
14709226 counts15.fa
5381819
31
13976848 counts31.fa
5381819
2_2
15
30886750 counts15.fa
8588395
31
32086388 counts31.fa
8588395
2_4
15
29702490 counts15.fa
10754402
31
29136564 counts31.fa
10754402
2_5
15
419202202 counts15.fa
128419090
31
760692830 counts31.fa
128419090
2_6
15
720660002 counts15.fa
189896535
31
1202692928 counts31.fa
189896535
2_7
15
1046431012 counts15.fa
247672975
31
2326229568 counts31.fa
247672975
2_8
15
734877550 counts15.fa
192318197
31
1262788082 counts31.fa
192318197
2_9
15
580770826 counts15.fa
162825492
31
1123397090 counts31.fa
162825492
3_1
15
33174440 counts15.fa
11803873
31
32921878 counts31.fa
11803873
3_3
15
146429294 counts15.fa
45337218
31
160842722 counts31.fa
45337218
3_4
15
42039690 counts15.fa
15555292
31
41225402 counts31.fa
15555292
3_5
15
23643352 counts15.fa
8927307
31
22614772 counts31.fa
8927307
3_6
15
94469566 counts15.fa
30824070
31
101436696 counts31.fa
30824070
3_7
15
0 counts15.fa
0
31
0 counts31.fa
0
3_8
15
836848182 counts15.fa
227072224
31
1718437520 counts31.fa
227072224
3_9
15
42169482 counts15.fa
13789543
31
43392124 counts31.fa
13789543
4_1
15
1555412048 counts15.fa
310996646
31
5868171732 counts31.fa
310996646
4_2
15
1437536400 counts15.fa
307222780
31
4646029442 counts31.fa
307222780
4_3
15
1628901262 counts15.fa
308606452
31
6503604338 counts31.fa
308606452
4_4
15
1624438216 counts15.fa
307495015
31
6550145494 counts31.fa
307495015
4_5
15
0 counts15.fa
0
31
0 counts31.fa
0
4_6
15
54242516 counts15.fa
18935161
31
58935144 counts31.fa
18935161
4_7
15
48376694 counts15.fa
18321634
31
51661962 counts31.fa
18321634
4_8
15
91927632 counts15.fa
30413741
31
104347586 counts31.fa
30413741
samplelist
15
0
31
0
